<?xml version="1.0" encoding="UTF-8"?>
<testsuite xmlns:xsi="http://www.w3.org/2001/XMLSchema-instance" xsi:schemaLocation="https://maven.apache.org/surefire/maven-surefire-plugin/xsd/surefire-test-report.xsd" name="qa4.AppTest" time="0.059" tests="8" errors="0" skipped="0" failures="0">
  <properties>
[...]
</properties>
  <testcase name="TC1" classname="qa4.AppTest" time="0.007"/>
  <testcase name="TC2" classname="qa4.AppTest" time="0"/>
  <testcase name="TC3" classname="qa4.AppTest" time="0"/>
  <testcase name="TC4" classname="qa4.AppTest" time="0"/>
  <testcase name="TC5" classname="qa4.AppTest" time="0"/>
  <testcase name="TC6" classname="qa4.AppTest" time="0"/>
  <testcase name="TC7" classname="qa4.AppTest" time="0"/>
  <testcase name="TC8" classname="qa4.AppTest" time="0"/>
</testsuite>