<?xml version="1.0" encoding="UTF-8"?>
<testsuite xmlns:xsi="http://www.w3.org/2001/XMLSchema-instance" xsi:noNamespaceSchemaLocation="https://maven.apache.org/surefire/maven-surefire-plugin/xsd/surefire-test-report-3.0.xsd" version="3.0" name="task4triangle.task4triangle.Test_triangle" time="0.27" tests="8" errors="0" skipped="0" failures="0">
  <properties>
[...]
</properties>
  <testcase name="Tc1" classname="task4triangle.task4triangle.Test_triangle" time="0.165"/>
  <testcase name="Tc2" classname="task4triangle.task4triangle.Test_triangle" time="0.003"/>
  <testcase name="Tc3" classname="task4triangle.task4triangle.Test_triangle" time="0.001"/>
  <testcase name="Tc4" classname="task4triangle.task4triangle.Test_triangle" time="0.001"/>
  <testcase name="Tc5" classname="task4triangle.task4triangle.Test_triangle" time="0.001"/>
  <testcase name="Tc6" classname="task4triangle.task4triangle.Test_triangle" time="0.003"/>
  <testcase name="Tc7" classname="task4triangle.task4triangle.Test_triangle" time="0.002"/>
  <testcase name="Tc8" classname="task4triangle.task4triangle.Test_triangle" time="0.001"/>
</testsuite>